<testsuite failures="0" name="com/recipebook/testsuit/updateRecipeException.feature" skipped="0" tests="1" time="0.037478">
  <testcase classname="com.recipebook.testsuit.updateRecipeException" name="Update Recipe negative scenario, get 400 Bad request error when wrong parameter is passed in Id field." time="0.037478">
    <system-out>* url urlParam = 'http://localhost:8080' .................................. passed
And print 'urlParam :',urlParam ........................................... passed
* def dataFile = 'recipe-file.json' ....................................... passed
* def payload = ........................................................... passed
Given path '/recipes/update/tr' ........................................... passed
* header Authorization = call read('basic-auth.js') { username: 'user', password: 'password' } . passed
And request payload ....................................................... passed
When method put ........................................................... passed
Then status 400 ........................................................... passed
* def output = response ................................................... passed
And print 'response :',output ............................................. passed
Then assert responseTime &lt; '100000' ....................................... passed
Then match response.error =='Bad Request' ................................. passed</system-out>
  </testcase>
</testsuite>
