<testsuite failures="0" name="com/recipebook/testsuit/getRecipe.feature" skipped="0" tests="1" time="0.08671">
  <testcase classname="com.recipebook.testsuit.getRecipe" name="Get the list of all the recipes and validate the response and response time." time="0.08671">
    <system-out>* url urlParam = 'http://localhost:8080' .................................. passed
And print 'urlParam :',urlParam ........................................... passed
Given path '/recipes/' .................................................... passed
* header Authorization = call read('basic-auth.js') { username: 'user', password: 'password' } . passed
When method get ........................................................... passed
Then status 200 ........................................................... passed
* def output = response ................................................... passed
* def size = responseBytes.length ......................................... passed
And print 'response :',output ............................................. passed
Then assert responseTime &lt; '100000' ....................................... passed
Then match response[0].id =='#notnull' .................................... passed
Then match response[0].name == '#notnull' ................................. passed
Then match response[0].dateCreated == '#present' .......................... passed
Then match response[0].isVeg == '#present' ................................ passed
Then match response[0].serves == '#present' ............................... passed
Then match response[0].ingredients == '#present' .......................... passed
Then match response[0].instructions == '#present' ......................... passed</system-out>
  </testcase>
</testsuite>
