<testsuite failures="0" name="src/test/java/com/recipebook/testsuit/deleteRecipeException.feature" skipped="0" tests="1" time="0.475361">
  <testcase classname="src.test.java.com.recipebook.testsuit.deleteRecipeException" name="Delete recipe." time="0.475361">
    <system-out>* url urlParam = 'http://localhost:8080' .................................. passed
And print 'urlParam :',urlParam ........................................... passed
* def dataFile = 'recipe-file.json' ....................................... passed
Given path '/recipes/delete/10000000000' .................................. passed
When method delete ........................................................ passed
Then status 500 ........................................................... passed
* def output = response ................................................... passed
Then assert responseTime &lt; '100000' ....................................... passed</system-out>
  </testcase>
</testsuite>
