<testsuite failures="0" name="src/test/java/com/recipebook/testsuit/addRecipe/addRecipe.feature" skipped="0" tests="1" time="0.381066">
  <testcase classname="src.test.java.com.recipebook.testsuit.addRecipe.addRecipe" name="Add recipe." time="0.381066">
    <system-out>* url urlParam = 'http://localhost:8080' .................................. passed
And print 'urlParam :',urlParam ........................................... passed
* def dataFile = 'addRecipe-file.json' .................................... passed
* def payload = ........................................................... passed
Given path '/recipes/add' ................................................. passed
And request payload ....................................................... passed
When method post .......................................................... passed
Then status 200 ........................................................... passed
* def output = response ................................................... passed
And print 'response :',output ............................................. passed
Then assert responseTime &lt; '100000' ....................................... passed
Then match response.id =='#notnull' ....................................... passed
Then match response.name ==  '#(recipeName1)' ............................. passed
Then match response.dateCreated == '#notnull' ............................. passed
Then match response.isVeg == '#(isVeg1)' .................................. passed
Then match response.serves == '#(serves1)' ................................ passed
Then match response.ingredients == '#notnull' ............................. passed
Then match response.instructions == '#(instructions1)' .................... passed</system-out>
  </testcase>
</testsuite>
